<?xml version="1.0" encoding="UTF-8"?>
<!-- Generated by org.testng.reporters.JUnitXMLReporter -->
<testsuite ignored="0" hostname="LAPTOP-RNTFED1U" failures="0" tests="4" name="Test" time="32.717" errors="0" timestamp="2021-12-30T01:41:16 IST">
  <testcase classname="Mindtree.E2EProject.validateTitle" name="basePageNavigation" time="0.032"/>
  <testcase classname="Mindtree.E2EProject.HomePage" name="basePageNavigation" time="6.269"/>
  <testcase classname="Mindtree.E2EProject.HomePage" name="basePageNavigation" time="3.092"/>
  <testcase classname="Mindtree.E2EProject.validateNavigationBar" name="basePageNavigation" time="0.042"/>
</testsuite> <!-- Test -->
