<?xml version="1.0" encoding="UTF-8"?>
<testng-results ignored="0" total="4" passed="3" failed="1" skipped="0">
  <reporter-output>
  </reporter-output>
  <suite started-at="2021-12-31T12:33:42 IST" name="Suite" finished-at="2021-12-31T12:34:12 IST" duration-ms="29428">
    <groups>
    </groups>
    <test started-at="2021-12-31T12:33:42 IST" name="validating title in the page" finished-at="2021-12-31T12:33:51 IST" duration-ms="8353">
      <class name="Mindtree.E2EProject.validateTitle">
        <test-method is-config="true" signature="initialize()[pri:0, instance:Mindtree.E2EProject.validateTitle@61230f6a]" started-at="2021-12-31T12:33:42 IST" name="initialize" finished-at="2021-12-31T12:33:50 IST" duration-ms="8161" status="PASS">
          <reporter-output>
          </reporter-output>
        </test-method> <!-- initialize -->
        <test-method signature="basePageNavigation()[pri:0, instance:Mindtree.E2EProject.validateTitle@61230f6a]" started-at="2021-12-31T12:33:50 IST" name="basePageNavigation" finished-at="2021-12-31T12:33:51 IST" duration-ms="55" status="FAIL">
          <exception class="org.junit.ComparisonFailure">
            <message>
              <![CDATA[expected:<FEATURED COURSES[]> but was:<FEATURED COURSES[123]>]]>
            </message>
            <full-stacktrace>
              <![CDATA[org.junit.ComparisonFailure: expected:<FEATURED COURSES[]> but was:<FEATURED COURSES[123]>
at org.junit.Assert.assertEquals(Assert.java:117)
at org.junit.Assert.assertEquals(Assert.java:146)
at Mindtree.E2EProject.validateTitle.basePageNavigation(validateTitle.java:32)
at java.base/jdk.internal.reflect.NativeMethodAccessorImpl.invoke0(Native Method)
at java.base/jdk.internal.reflect.NativeMethodAccessorImpl.invoke(NativeMethodAccessorImpl.java:77)
at java.base/jdk.internal.reflect.DelegatingMethodAccessorImpl.invoke(DelegatingMethodAccessorImpl.java:43)
at java.base/java.lang.reflect.Method.invoke(Method.java:568)
at org.testng.internal.MethodInvocationHelper.invokeMethod(MethodInvocationHelper.java:134)
at org.testng.internal.TestInvoker.invokeMethod(TestInvoker.java:597)
at org.testng.internal.TestInvoker.invokeTestMethod(TestInvoker.java:173)
at org.testng.internal.MethodRunner.runInSequence(MethodRunner.java:46)
at org.testng.internal.TestInvoker$MethodInvocationAgent.invoke(TestInvoker.java:816)
at org.testng.internal.TestInvoker.invokeTestMethods(TestInvoker.java:146)
at org.testng.internal.TestMethodWorker.invokeTestMethods(TestMethodWorker.java:146)
at org.testng.internal.TestMethodWorker.run(TestMethodWorker.java:128)
at java.base/java.util.ArrayList.forEach(ArrayList.java:1511)
at org.testng.TestRunner.privateRun(TestRunner.java:766)
at org.testng.TestRunner.run(TestRunner.java:587)
at org.testng.SuiteRunner.runTest(SuiteRunner.java:384)
at org.testng.SuiteRunner.runSequentially(SuiteRunner.java:378)
at org.testng.SuiteRunner.privateRun(SuiteRunner.java:337)
at org.testng.SuiteRunner.run(SuiteRunner.java:286)
at org.testng.SuiteRunnerWorker.runSuite(SuiteRunnerWorker.java:53)
at org.testng.SuiteRunnerWorker.run(SuiteRunnerWorker.java:96)
at org.testng.TestNG.runSuitesSequentially(TestNG.java:1187)
at org.testng.TestNG.runSuitesLocally(TestNG.java:1109)
at org.testng.TestNG.runSuites(TestNG.java:1039)
at org.testng.TestNG.run(TestNG.java:1007)
at org.testng.remote.AbstractRemoteTestNG.run(AbstractRemoteTestNG.java:115)
at org.testng.remote.RemoteTestNG.initAndRun(RemoteTestNG.java:251)
at org.testng.remote.RemoteTestNG.main(RemoteTestNG.java:77)
]]>
            </full-stacktrace>
          </exception> <!-- org.junit.ComparisonFailure -->
          <reporter-output>
          </reporter-output>
        </test-method> <!-- basePageNavigation -->
        <test-method is-config="true" signature="closeBrowser()[pri:0, instance:Mindtree.E2EProject.validateTitle@61230f6a]" started-at="2021-12-31T12:33:51 IST" name="closeBrowser" finished-at="2021-12-31T12:33:51 IST" duration-ms="79" status="PASS">
          <reporter-output>
          </reporter-output>
        </test-method> <!-- closeBrowser -->
      </class> <!-- Mindtree.E2EProject.validateTitle -->
    </test> <!-- validating title in the page -->
    <test started-at="2021-12-31T12:33:51 IST" name="validating user login" finished-at="2021-12-31T12:34:05 IST" duration-ms="13955">
      <class name="Mindtree.E2EProject.HomePage">
        <test-method is-config="true" signature="initialize()[pri:0, instance:Mindtree.E2EProject.HomePage@72f926e6]" started-at="2021-12-31T12:33:51 IST" name="initialize" finished-at="2021-12-31T12:33:52 IST" duration-ms="827" status="PASS">
          <reporter-output>
          </reporter-output>
        </test-method> <!-- initialize -->
        <test-method signature="basePageNavigation(java.lang.String, java.lang.String)[pri:0, instance:Mindtree.E2EProject.HomePage@72f926e6]" started-at="2021-12-31T12:33:52 IST" name="basePageNavigation" data-provider="getData" finished-at="2021-12-31T12:33:59 IST" duration-ms="7206" status="PASS">
          <params>
            <param index="0">
              <value>
                <![CDATA[nonrestricteduser@qw.com]]>
              </value>
            </param>
            <param index="1">
              <value>
                <![CDATA[12345]]>
              </value>
            </param>
          </params>
          <reporter-output>
          </reporter-output>
        </test-method> <!-- basePageNavigation -->
        <test-method signature="basePageNavigation(java.lang.String, java.lang.String)[pri:0, instance:Mindtree.E2EProject.HomePage@72f926e6]" started-at="2021-12-31T12:33:59 IST" name="basePageNavigation" data-provider="getData" finished-at="2021-12-31T12:34:01 IST" duration-ms="1783" status="PASS">
          <params>
            <param index="0">
              <value>
                <![CDATA[restricteduser@qw.com]]>
              </value>
            </param>
            <param index="1">
              <value>
                <![CDATA[54321]]>
              </value>
            </param>
          </params>
          <reporter-output>
          </reporter-output>
        </test-method> <!-- basePageNavigation -->
        <test-method is-config="true" signature="closeBrowser()[pri:0, instance:Mindtree.E2EProject.HomePage@72f926e6]" started-at="2021-12-31T12:34:01 IST" name="closeBrowser" finished-at="2021-12-31T12:34:05 IST" duration-ms="4131" status="PASS">
          <reporter-output>
          </reporter-output>
        </test-method> <!-- closeBrowser -->
      </class> <!-- Mindtree.E2EProject.HomePage -->
    </test> <!-- validating user login -->
    <test started-at="2021-12-31T12:34:05 IST" name="alidating navigation bar" finished-at="2021-12-31T12:34:12 IST" duration-ms="6937">
      <class name="Mindtree.E2EProject.validateNavigationBar">
        <test-method is-config="true" signature="initialize()[pri:0, instance:Mindtree.E2EProject.validateNavigationBar@28eaa59a]" started-at="2021-12-31T12:34:05 IST" name="initialize" finished-at="2021-12-31T12:34:12 IST" duration-ms="6771" status="PASS">
          <reporter-output>
          </reporter-output>
        </test-method> <!-- initialize -->
        <test-method signature="basePageNavigation()[pri:0, instance:Mindtree.E2EProject.validateNavigationBar@28eaa59a]" started-at="2021-12-31T12:34:12 IST" name="basePageNavigation" finished-at="2021-12-31T12:34:12 IST" duration-ms="78" status="PASS">
          <reporter-output>
          </reporter-output>
        </test-method> <!-- basePageNavigation -->
        <test-method is-config="true" signature="closeBrowser()[pri:0, instance:Mindtree.E2EProject.validateNavigationBar@28eaa59a]" started-at="2021-12-31T12:34:12 IST" name="closeBrowser" finished-at="2021-12-31T12:34:12 IST" duration-ms="85" status="PASS">
          <reporter-output>
          </reporter-output>
        </test-method> <!-- closeBrowser -->
      </class> <!-- Mindtree.E2EProject.validateNavigationBar -->
    </test> <!-- alidating navigation bar -->
    <test started-at="2021-12-31T12:34:12 IST" name="app testing" finished-at="2021-12-31T12:34:12 IST" duration-ms="0">
    </test> <!-- app testing -->
  </suite> <!-- Suite -->
</testng-results>
